DATE: 02/04/2019                                    ALBIA SOCCER CLUB FUNDRAISER                                            PAGE:  1
CBLANL05                                                 LINDQUIST DIVISION                                                         
                                                            SALES REPORT                                                            

   LAST NAME        FIRST NAME       CITY        STATE ZIP CODE    POP TYPE             QUANTITY      DEPOSIT AMT      TOTAL SALES  

   KnightBradley    Mauricio         Peoria       WI   10789-4244  DIET COKE               93           $111.60         $1,851.63   

   Washington       Royal            Oceanside    MI   32117-0579  DIET COKE                4             $9.60            $84.44   

   Duncan           Dominic          Golden       NE   67178-8818  COKE                    37            $44.40           $736.67   

   Green            Maximiliano      West Palm    WI   66749-7129  DIET COKE               83            $99.60         $1,652.53   

   Kirby            Esteban          Eufaula      MI   64773-7001  DIET COKE               47           $112.80           $992.17   

   Snyder           Jameson          Roseville    IL   53274-1861  MELLO YELLO             25              $.00           $467.75   

   Mullins          Jaxson           Bonners Fe   MO   64212-7371  MELLO YELLO             11              $.00           $205.81   

   Johnston         Johnny           Pasadena     IA   21575-1743  CHERRY COKE              8             $9.60           $159.28   

   Gross            Ronan            Marion       NE   47938-8001  CHERRY COKE             16            $19.20           $318.56   

   Lucas            Fabian           Alameda      WI   69536-1096  DIET CHERRY COKE        43            $51.60           $856.13   

   Cook             Ezekiel          Ontario      MI   20515-8852  SPRITE                  20            $48.00           $422.20   

   Reid             Remington        Beverly Hi   IA   12979-4682  COKE                     6             $7.20           $119.46   

   Horton           Vincent          Merced       NE   19367-7324  COKE                    28            $33.60           $557.48   

   Freeman          Ezequiel         Aurora       WI   94982-2827  DIET COKE               73            $87.60         $1,453.43   

   Molina           Shawn            Ozark        MI   27238-5648  DIET COKE               98           $235.20         $2,068.78   

   Mitchell         Jayceon          Bloomfield   IL   87422-6379  MELLO YELLO             29              $.00           $542.59   

   Morrow           Omar             Wilmington   MO   67127-1993  MELLO YELLO             12              $.00           $224.52   

   Conley           Dennis           Park Ridge   IA   56451-1202  CHERRY COKE             50            $60.00           $995.50   

   Wall             Paxton           Anchorage    NE   59509-5042  CHERRY COKE              8             $9.60           $159.28   

   Espinoza         Moshe            Alhambra     WI   78526-6775  DIET CHERRY COKE        58            $69.60         $1,154.78   

   Rodriguez        Colten           Shelton      MI   35574-0914  SPRITE                  65           $156.00         $1,372.15   

   Patrick          Aaron            Turlock      IA   58654-7238  COKE                    69            $82.80         $1,373.79   

   Newman           Armando          Woodland     NE   92986-8230  COKE                    81            $97.20         $1,612.71   

   Schneider        Jackson          San Fernan   WI   87662-3162  DIET COKE               45            $54.00           $895.95   







DATE: 02/04/2019                                    ALBIA SOCCER CLUB FUNDRAISER                                            PAGE:  2
CBLANL05                                                 LINDQUIST DIVISION                                                         
                                                            SALES REPORT                                                            

   LAST NAME        FIRST NAME       CITY        STATE ZIP CODE    POP TYPE             QUANTITY      DEPOSIT AMT      TOTAL SALES  

   Warren           Ronald           Georgetown   MI   24202-3238  DIET COKE                5            $12.00           $105.55   

   Murray           Kason            Santa Clar   IL   47480-9533  MELLO YELLO             42              $.00           $785.82   

   Carter           Brayden          Salem        MO   01694-6036  MELLO YELLO             67              $.00         $1,253.57   

   Black            Harvey           Telluride    IA   28350-1484  CHERRY COKE             49            $58.80           $975.59   

   Kennedy          Camden           Los Angele   NE   07904-0393  CHERRY COKE             70            $84.00         $1,393.70   

   Perkins          Parker           Marysville   WI   57060-3620  DIET CHERRY COKE        60            $72.00         $1,194.60   

   Lambert          Cesar            Corona       MI   85742-5426  SPRITE                  54           $129.60         $1,139.94   

   Rodriguez        Zane             Dahlonega    IA   60965-4157  COKE                    27            $32.40           $537.57   

   Bowman           Miguel           Torrington   NE   56727-5377  COKE                     1             $1.20            $19.91   

   Perry            Eli              Monterey     WI   35990-2160  DIET COKE               63            $75.60         $1,254.33   

   Stone            Devon            Guntersvil   MI   51040-7467  DIET COKE               14            $33.60           $295.54   

   Horn             Yusuf            Kellogg      IL   56417-0428  MELLO YELLO             56              $.00         $1,047.76   

   Rivera           Armando          Apalachico   MO   42250-5065  MELLO YELLO             17              $.00           $318.07   

   Hale             Emiliano         Enfield      IA   19817-3733  CHERRY COKE             39            $46.80           $776.49   

   Cervantes        Remington        Titusville   NE   42353-0847  CHERRY COKE             71            $85.20         $1,413.61   

   Nicholson        Raphael          Golden       WI   33511-8099  DIET CHERRY COKE        40            $48.00           $796.40   

   Mcdonald         Landon           Valdosta     MI   33612-9710  SPRITE                  89           $213.60         $1,878.79   





















DATE: 02/04/2019                                    ALBIA SOCCER CLUB FUNDRAISER                                            PAGE:  3
CBLANL05                                                 LINDQUIST DIVISION                                                         
                                                            SALES REPORT                                                            

   LAST NAME        FIRST NAME       CITY        STATE ZIP CODE    POP TYPE             QUANTITY      DEPOSIT AMT      TOTAL SALES  


GRAND TOTALS:                                                                                                                       

   COKE                 249      DIET COKE            525      MELLO YELLO          259                                             

   CHERRY COKE          311      DIET CHERRY COKE     201      SPRITE               228                                             


TEAM TOTALS:                                                                                                                        

   A       $1,936.07                                                                                                                

   B       $5,811.10                                                                                                                

   C       $8,647.97                                                                                                                

   D      $10,731.22                                                                                                                

   E       $8,338.47                                                                                                                